[iter07] SPY drawdown × VIX regime joint signal

=== Drawdown × VIX joint table (180d future return) ===
          DD        VIX    N    Mean    Win%    Max  Min
  ----------------------------------------------------------------------
   -30~-20   25~35     36   +17.1%   100%    +26%     +3% 🚀 STRONG
   -20~-10   16~25    132   +10.7%    93%    +25%     -3% 
   -20~-10   25~35    114   +13.3%    83%    +36%    -10% 
   -20~-10   35~100    32   +29.9%    94%    +40%     -5% 🚀 STRONG
   -10~-5     0~16     22    +4.8%    77%    +27%     -8% 
   -10~-5    16~25    212    +9.4%    76%    +37%    -18% 
   -10~-5    25~35     81   +14.7%    74%    +33%    -18% 
    -5~0      0~16    717   +10.7%    94%    +28%    -24% 
    -5~0     16~25    481    +8.5%    79%    +30%    -23% 
    -5~0     25~35     55   +20.0%    87%    +31%     -9% 🚀 STRONG

=== Strong panic bottom: DD < -20% AND VIX > 30 ===
  N=40, 180d 평균 +33.2%, win 100.0%
  🏆 매우 강력!

=== Mild panic: DD < -10% AND VIX > 25 ===
  N=200, 180d 평균 +20.0%, win 89.5%

  → C:\Projects\OptionsDistribution\results\iter07_drawdown_vix.json
