[iter11] KOSPI DD × RV joint signal

=== KOSPI DD × RV joint table (180d future) ===
          DD       RV    N    Mean   Win%   Max  Min
  -----------------------------------------------------------------
  -100~-30   25~35    22 +37.1%   95%   +55%    -2% 🚀 STRONG
  -100~-30   35~100  114 +40.5%   99%   +86%    -2% 🚀 STRONG
   -30~-20    0~18    87  +2.8%   64%   +36%   -11% 
   -30~-20   18~25   165  +4.4%   64%   +51%   -34% 
   -30~-20   25~35    84  +8.3%   55%  +117%   -41% 
   -30~-20   35~100   53 +14.9%   75%   +69%   -31% 
   -20~-10    0~18   591  +3.2%   51%  +149%   -39% 
   -20~-10   18~25   385 +10.2%   66%   +84%   -42% 
   -20~-10   25~35   106 +12.5%   72%  +128%   -42% 
   -20~-10   35~100   66 +31.3%   67%  +117%   -33% 
   -10~-5     0~18   694  -0.3%   42%  +163%   -41% 
   -10~-5    18~25   228  +4.0%   49%   +51%   -42% 
   -10~-5    25~35    84  +7.5%   55%   +49%   -27% 
   -10~-5    35~100   29  -1.6%   24%    +7%    -7% 
    -5~0      0~18  1274  +6.0%   57%  +128%   -23% 
    -5~0     18~25   285 +13.6%   59%  +118%   -24% 
    -5~0     25~35    51  -7.2%   25%   +12%   -27% 

  KOSPI panic bottom (DD<-20% AND RV>30) 194일 → 180d +31.7%, win 90.7%

  → C:\Projects\OptionsDistribution\results\iter11_kospi_dd_joint.json
