[iter05] VIX regime → SPY future return calibration
  N days: 2514

=== VIX level → SPY future return ===
  VIX bin             N       30d      60d      90d     180d
  ------------------------------------------------------------
  (-0.001, 12.0]    266   +1.89%   +3.02%   +4.65%  +10.89%  🚀 LONG SPY
  (12.0, 16.0]      827   +1.05%   +1.86%   +3.17%   +9.96%  🚀 LONG SPY
  (16.0, 20.0]      638   +1.14%   +3.74%   +5.41%   +7.78%  
  (20.0, 25.0]      419   +1.53%   +3.62%   +6.59%  +11.14%  🚀 LONG SPY
  (25.0, 30.0]      210   +3.16%   +5.36%   +6.53%  +15.20%  🚀 LONG SPY
  (30.0, 40.0]      115   +5.32%   +7.27%   +8.71%  +17.65%  🚀 LONG SPY
  (40.0, 100.0]      39  +11.85%  +20.09%  +27.06%  +41.11%  🚀 LONG SPY

=== VIX level → SPY 180d win rate ===
  VIX bin             N  Win%  Avg
  (-0.001, 12.0]    266   98.1%  +10.9%
  (12.0, 16.0]      777   90.7%  +10.0%
  (16.0, 20.0]      554   78.9%   +7.8%
  (20.0, 25.0]      389   82.3%  +11.1%
  (25.0, 30.0]      196   87.2%  +15.2%
  (30.0, 40.0]      113   78.8%  +17.7%
  (40.0, 100.0]      39  100.0%  +41.1%

=== Simple strategy: VIX > 30 시 SPY long ===
  VIX > 30 신호 152일 → 180d SPY +23.7% (win 84.2%)
  🏆 강력! VIX > 30 시 SPY 180d 평균 +24%
  VIX < 12 신호 265일 → 180d SPY +10.9%

  → C:\Projects\OptionsDistribution\results\iter05_vix_regime.json
